[18:39:15] [ServerMain/INFO]: Environment: Environment[sessionHost=https://sessionserver.mojang.com, servicesHost=https://api.minecraftservices.com, name=PROD]
[18:39:16] [ServerMain/INFO]: Loaded 1290 recipes
[18:39:17] [ServerMain/INFO]: Loaded 1399 advancements
[18:39:17] [Server thread/INFO]: Starting minecraft server version 1.21
[18:39:17] [Server thread/INFO]: Loading properties
[18:39:17] [Server thread/INFO]: Default game type: SURVIVAL
[18:39:17] [Server thread/INFO]: Generating keypair
[18:39:17] [Server thread/INFO]: Starting Minecraft server on *:25565
[18:39:18] [Server thread/INFO]: Using epoll channel type
[18:39:18] [Server thread/WARN]: **** SERVER IS RUNNING IN OFFLINE/INSECURE MODE!
[18:39:18] [Server thread/WARN]: The server will make no attempt to authenticate usernames. Beware.
[18:39:18] [Server thread/WARN]: While this makes the game possible to play without internet access, it also opens up the ability for hackers to connect with any username they choose.
[18:39:18] [Server thread/WARN]: To change this, set "online-mode" to "true" in the server.properties file.
[18:39:18] [Server thread/INFO]: Preparing level "world"
[18:39:20] [Server thread/INFO]: Preparing start region for dimension minecraft:overworld
[18:39:21] [Worker-Main-1/INFO]: Preparing spawn area: 0%
[18:39:21] [Server thread/INFO]: Time elapsed: 474 ms
[18:39:21] [Server thread/INFO]: Done (3.226s)! For help, type "help"
[18:40:11] [Server thread/INFO]: jackox_vUv[/127.204.48.118:57061] logged in with entity id 11 at (371.5215843384807, 109.0, 588.7203066877419)
[18:40:11] [Server thread/INFO]: jackox_vUv joined the game
[18:50:55] [Server thread/INFO]: jackox_vUv lost connection: Disconnected
[18:50:55] [Server thread/INFO]: jackox_vUv left the game
